e:\github repos\objectorientatedprogrammingpiggybank\object orientated programming piggy bank\x64\debug\vc142.pdb
e:\github repos\objectorientatedprogrammingpiggybank\object orientated programming piggy bank\x64\debug\vc142.idb
e:\github repos\objectorientatedprogrammingpiggybank\object orientated programming piggy bank\x64\debug\piggybank.obj
e:\github repos\objectorientatedprogrammingpiggybank\object orientated programming piggy bank\x64\debug\main.obj
c:\users\mpari\downloads\objectorientatedprogrammingpiggybank-master\objectorientatedprogrammingpiggybank-master\object orientated programming piggy bank\x64\debug\vc142.pdb
c:\users\mpari\downloads\objectorientatedprogrammingpiggybank-master\objectorientatedprogrammingpiggybank-master\object orientated programming piggy bank\x64\debug\vc142.idb
c:\users\mpari\downloads\objectorientatedprogrammingpiggybank-master\objectorientatedprogrammingpiggybank-master\object orientated programming piggy bank\x64\debug\piggybank.obj
c:\users\mpari\downloads\objectorientatedprogrammingpiggybank-master\objectorientatedprogrammingpiggybank-master\object orientated programming piggy bank\x64\debug\main.obj
e:\github repos\objectorientatedprogrammingpiggybank\x64\debug\object orientated programming piggy bank.exe
e:\github repos\objectorientatedprogrammingpiggybank\x64\debug\object orientated programming piggy bank.ilk
e:\github repos\objectorientatedprogrammingpiggybank\x64\debug\object orientated programming piggy bank.pdb
c:\users\mpari\downloads\objectorientatedprogrammingpiggybank-master\objectorientatedprogrammingpiggybank-master\x64\debug\object orientated programming piggy bank.exe
c:\users\mpari\downloads\objectorientatedprogrammingpiggybank-master\objectorientatedprogrammingpiggybank-master\x64\debug\object orientated programming piggy bank.ilk
c:\users\mpari\downloads\objectorientatedprogrammingpiggybank-master\objectorientatedprogrammingpiggybank-master\x64\debug\object orientated programming piggy bank.pdb
c:\users\mpari\downloads\objectorientatedprogrammingpiggybank-master\objectorientatedprogrammingpiggybank-master\object orientated programming piggy bank\x64\debug\object o.6e15cd42.tlog\cl.command.1.tlog
c:\users\mpari\downloads\objectorientatedprogrammingpiggybank-master\objectorientatedprogrammingpiggybank-master\object orientated programming piggy bank\x64\debug\object o.6e15cd42.tlog\cl.read.1.tlog
c:\users\mpari\downloads\objectorientatedprogrammingpiggybank-master\objectorientatedprogrammingpiggybank-master\object orientated programming piggy bank\x64\debug\object o.6e15cd42.tlog\cl.write.1.tlog
c:\users\mpari\downloads\objectorientatedprogrammingpiggybank-master\objectorientatedprogrammingpiggybank-master\object orientated programming piggy bank\x64\debug\object o.6e15cd42.tlog\link.command.1.tlog
c:\users\mpari\downloads\objectorientatedprogrammingpiggybank-master\objectorientatedprogrammingpiggybank-master\object orientated programming piggy bank\x64\debug\object o.6e15cd42.tlog\link.read.1.tlog
c:\users\mpari\downloads\objectorientatedprogrammingpiggybank-master\objectorientatedprogrammingpiggybank-master\object orientated programming piggy bank\x64\debug\object o.6e15cd42.tlog\link.write.1.tlog
